#
# A fatal error has been detected by the Java Runtime Environment:
#
#  SIGSEGV (0xb) at pc=0x00007f2be9069a7a, pid=2323, tid=0x00007f2baec1d700
#
# JRE version: Java(TM) SE Runtime Environment (8.0_144-b01) (build 1.8.0_144-b01)
# Java VM: Java HotSpot(TM) 64-Bit Server VM (25.144-b01 mixed mode linux-amd64 compressed oops)
# Problematic frame:
# v  ~BufferBlob::jni_fast_GetLongField
#
# Failed to write core dump. Core dumps have been disabled. To enable core dumping, try "ulimit -c unlimited" before starting Java again
#
# If you would like to submit a bug report, please visit:
#   http://bugreport.java.com/bugreport/crash.jsp
# The crash happened outside the Java Virtual Machine in native code.
# See problematic frame for where to report the bug.
#

---------------  T H R E A D  ---------------

Current thread (0x00007f2bf8216000):  JavaThread "AWT-XAWT" daemon [_thread_in_native, id=2367, stack(0x00007f2baeb1d000,0x00007f2baec1e000)]

siginfo: si_signo: 11 (SIGSEGV), si_code: 1 (SEGV_MAPERR), si_addr: 0x0000000000000000

Registers:
RAX=0x00007f2bff7c6060, RBX=0x00007f2bf82161f8, RCX=0x00007f2c0022e2c0, RDX=0x0000000000000042
RSP=0x00007f2baec1c5b8, RBP=0x00007f2baec1c5e0, RSI=0x0000000000000000, RDI=0x00007f2bf82161f8
R8 =0x00000000c4a00c58, R9 =0x0000000000000000, R10=0x0000000000000044, R11=0x00007f2be9325698
R12=0x00007f2b981b3b20, R13=0x0000000000000000, R14=0x00007f2bd49b27e0, R15=0x00007f2bf8216000
RIP=0x00007f2be9069a7a, EFLAGS=0x0000000000010246, CSGSFS=0x002b000000000033, ERR=0x0000000000000004
  TRAPNO=0x000000000000000e

Top of Stack: (sp=0x00007f2baec1c5b8)
0x00007f2baec1c5b8:   00007f2bd4790ee1 00007f2be8bef0f8
0x00007f2baec1c5c8:   00007f2b981b3b20 00007f2baec1c690
0x00007f2baec1c5d8:   00007f2baec1c660 0000000000000000
0x00007f2baec1c5e8:   00007f2bd42723c0 00007f2be8bef0f8
0x00007f2baec1c5f8:   00007f2baec1c620 0000000000000000
0x00007f2baec1c608:   00007f2bd4269f93 00007f2baec1c690
0x00007f2baec1c618:   00007f2bd478a11f 00007f2baec1c670
0x00007f2baec1c628:   00007f2be9325736 0000000000000000
0x00007f2baec1c638:   00007f2be9310ef6 00007f2baec1c690
0x00007f2baec1c648:   00007f2be9179aec 00007f2baec1c6f0
0x00007f2baec1c658:   00000000ed315350 00000000c4a01d80
0x00007f2baec1c668:   0000000000000009 00007f2baec1c6f0
0x00007f2baec1c678:   00007f2be9007a90 00007f2baec1c6f0
0x00007f2baec1c688:   00007f2be9007a90 0000000000000000
0x00007f2baec1c698:   00007f2be9007dd0 00007f2ba0003010
0x00007f2baec1c6a8:   00000000ed2984f0 00007f2baec1c6b0
0x00007f2baec1c6b8:   00007f2be8b9c164 00007f2baec1c738
0x00007f2baec1c6c8:   00007f2be8bb3e58 0000000000000000
0x00007f2baec1c6d8:   00007f2be8b9c2a0 00007f2baec1c690
0x00007f2baec1c6e8:   00007f2baec1c730 00007f2baec1c780
0x00007f2baec1c6f8:   00007f2be90082bd 0000000000000000
0x00007f2baec1c708:   0000000000000000 0000000000000000
0x00007f2baec1c718:   0000000000000000 0000000000000000
0x00007f2baec1c728:   00000000ed2984f0 0000000000000000
0x00007f2baec1c738:   00000000ed298498 00007f2baec1c740
0x00007f2baec1c748:   00007f2be8b9bfa5 00007f2baec1c790
0x00007f2baec1c758:   00007f2be8bb3e58 0000000000000000
0x00007f2baec1c768:   00007f2be8b9bfb0 00007f2baec1c730
0x00007f2baec1c778:   00007f2baec1c790 00007f2baec1c7d8
0x00007f2baec1c788:   00007f2be9008302 00000000ed298498
0x00007f2baec1c798:   00007f2baec1c798 00007f2be882d99b
0x00007f2baec1c7a8:   00007f2baec1c7e8 00007f2be88b50b8 

Instructions: (pc=0x00007f2be9069a7a)
0x00007f2be9069a5a:   00 00 00 00 00 00 44 8b 15 c1 c0 79 16 4c 8b ce
0x00007f2be9069a6a:   41 f6 c2 01 0f 85 2e 00 00 00 4d 33 ca 4d 33 ca
0x00007f2be9069a7a:   4d 8b 09 4c 8b da 49 c1 eb 02 4b 8b 04 19 49 bb
0x00007f2be9069a8a:   28 5b 80 ff 2b 7f 00 00 4c 33 d8 4c 33 d8 45 3b 

Register to memory mapping:

RAX=0x00007f2bff7c6060: <offset 0xf8b060> in /usr/lib/jvm/java-8-oracle/jre/lib/amd64/server/libjvm.so at 0x00007f2bfe83b000
RBX=0x00007f2bf82161f8 is an unknown value
RCX=0x00007f2c0022e2c0: <offset 0x2182c0> in /lib/x86_64-linux-gnu/libpthread.so.0 at 0x00007f2c00016000
RDX=0x0000000000000042 is an unknown value
RSP=0x00007f2baec1c5b8 is pointing into the stack for thread: 0x00007f2bf8216000
RBP=0x00007f2baec1c5e0 is pointing into the stack for thread: 0x00007f2bf8216000
RSI=0x0000000000000000 is an unknown value
RDI=0x00007f2bf82161f8 is an unknown value
R8 =0x00000000c4a00c58 is an oop
sun.util.logging.PlatformLogger$Level 
 - klass: 'sun/util/logging/PlatformLogger$Level'
R9 =0x0000000000000000 is an unknown value
R10=0x0000000000000044 is an unknown value
R11=0x00007f2be9325698 is at entry_point+24 in (nmethod*)0x00007f2be9325510
R12=0x00007f2b981b3b20 is an unknown value
R13=0x0000000000000000 is an unknown value
R14=0x00007f2bd49b27e0: <offset 0x2587e0> in /usr/lib/jvm/java-8-oracle/jre/lib/amd64/libawt_xawt.so at 0x00007f2bd475a000
R15=0x00007f2bf8216000 is a thread


Stack: [0x00007f2baeb1d000,0x00007f2baec1e000],  sp=0x00007f2baec1c5b8,  free space=1021k
Native frames: (J=compiled Java code, j=interpreted, Vv=VM code, C=native code)
v  ~BufferBlob::jni_fast_GetLongField
C  [libX11.so.6+0x643c0]  _XimServerDestroy+0x70

Java frames: (J=compiled Java code, j=interpreted, Vv=VM code)
J 917  sun.awt.X11.XlibWrapper.XFilterEvent(JJ)Z (0 bytes) @ 0x00007f2be93256c4 [0x00007f2be9325680+0x44]
j  sun.awt.X11.XToolkit.run(Z)V+300
j  sun.awt.X11.XToolkit.run()V+5
j  java.lang.Thread.run()V+11
v  ~StubRoutines::call_stub

---------------  P R O C E S S  ---------------

Java Threads: ( => current thread )
  0x00007f2b8c001000 JavaThread "XToolkt-Shutdown-Thread" [_thread_blocked, id=3195, stack(0x00007f2badff0000,0x00007f2bae0f1000)]
  0x00007f2bc0002800 JavaThread "SIGTERM handler" daemon [_thread_blocked, id=3194, stack(0x00007f2bae0f1000,0x00007f2bae1f2000)]
  0x00007f2bc0001000 JavaThread "SIGHUP handler" daemon [_thread_blocked, id=3193, stack(0x00007f2bae1f2000,0x00007f2bae2f3000)]
  0x00007f2b98094000 JavaThread "Abandoned connection cleanup thread" daemon [_thread_blocked, id=2394, stack(0x00007f2bada64000,0x00007f2badb65000)]
  0x00007f2bf800a000 JavaThread "DestroyJavaVM" [_thread_blocked, id=2325, stack(0x00007f2c00338000,0x00007f2c00439000)]
  0x00007f2bf821a000 JavaThread "AWT-EventQueue-0" [_thread_blocked, id=2372, stack(0x00007f2bae91b000,0x00007f2baea1c000)]
  0x00007f2bf8218800 JavaThread "AWT-Shutdown" [_thread_blocked, id=2370, stack(0x00007f2baea1c000,0x00007f2baeb1d000)]
=>0x00007f2bf8216000 JavaThread "AWT-XAWT" daemon [_thread_in_native, id=2367, stack(0x00007f2baeb1d000,0x00007f2baec1e000)]
  0x00007f2bf81fd800 JavaThread "Java2D Disposer" daemon [_thread_blocked, id=2365, stack(0x00007f2baf02e000,0x00007f2baf12f000)]
  0x00007f2bf80d2000 JavaThread "Service Thread" daemon [_thread_blocked, id=2337, stack(0x00007f2bd4d86000,0x00007f2bd4e87000)]
  0x00007f2bf80bd000 JavaThread "C1 CompilerThread2" daemon [_thread_blocked, id=2336, stack(0x00007f2bd4e87000,0x00007f2bd4f88000)]
  0x00007f2bf80bb000 JavaThread "C2 CompilerThread1" daemon [_thread_blocked, id=2335, stack(0x00007f2bd4f88000,0x00007f2bd5089000)]
  0x00007f2bf80b8000 JavaThread "C2 CompilerThread0" daemon [_thread_blocked, id=2334, stack(0x00007f2bd5089000,0x00007f2bd518a000)]
  0x00007f2bf80b6800 JavaThread "Signal Dispatcher" daemon [_thread_blocked, id=2333, stack(0x00007f2bd518a000,0x00007f2bd528b000)]
  0x00007f2bf8084000 JavaThread "Finalizer" daemon [_thread_blocked, id=2332, stack(0x00007f2bd5c4a000,0x00007f2bd5d4b000)]
  0x00007f2bf807f800 JavaThread "Reference Handler" daemon [_thread_blocked, id=2331, stack(0x00007f2bd5d4b000,0x00007f2bd5e4c000)]

Other Threads:
  0x00007f2bf8077800 VMThread [stack: 0x00007f2bd5e4c000,0x00007f2bd5f4d000] [id=2330]
  0x00007f2bf80d5000 WatcherThread [stack: 0x00007f2bd4c85000,0x00007f2bd4d86000] [id=2338]

VM state:not at safepoint (normal execution)

VM Mutex/Monitor currently owned by a thread: None

Heap:
 PSYoungGen      total 17920K, used 5444K [0x00000000ec380000, 0x00000000ed780000, 0x0000000100000000)
  eden space 15360K, 18% used [0x00000000ec380000,0x00000000ec654900,0x00000000ed280000)
  from space 2560K, 99% used [0x00000000ed280000,0x00000000ed4fc830,0x00000000ed500000)
  to   space 2560K, 0% used [0x00000000ed500000,0x00000000ed500000,0x00000000ed780000)
 ParOldGen       total 40960K, used 2363K [0x00000000c4a00000, 0x00000000c7200000, 0x00000000ec380000)
  object space 40960K, 5% used [0x00000000c4a00000,0x00000000c4c4ec20,0x00000000c7200000)
 Metaspace       used 15342K, capacity 15516K, committed 15744K, reserved 1062912K
  class space    used 1794K, capacity 1867K, committed 1920K, reserved 1048576K

Card table byte_map: [0x00007f2bfcef8000,0x00007f2bfd0d4000] byte_map_base: 0x00007f2bfc8d3000

Marking Bits: (ParMarkBitMap*) 0x00007f2bff804dc0
 Begin Bits: [0x00007f2bd6250000, 0x00007f2bd7128000)
 End Bits:   [0x00007f2bd7128000, 0x00007f2bd8000000)

Polling page: 0x00007f2c00455000

CodeCache: size=245760Kb used=3421Kb max_used=3433Kb free=242338Kb
 bounds [0x00007f2be9000000, 0x00007f2be9360000, 0x00007f2bf8000000]
 total_blobs=1533 nmethods=935 adapters=512
 compilation: enabled

Compilation events (10 events):
Event: 614.047 Thread 0x00007f2bf80bd000  931       3       java.lang.ClassLoader::getResource (36 bytes)
Event: 614.049 Thread 0x00007f2bf80bd000 nmethod 931 0x00007f2be9352cd0 code [0x00007f2be9352ea0, 0x00007f2be9353518]
Event: 619.048 Thread 0x00007f2bf80b8000  932       4       sun.misc.MetaIndex::mayContain (51 bytes)
Event: 619.048 Thread 0x00007f2bf80bd000  933       3       java.net.URLClassLoader::findResource (37 bytes)
Event: 619.050 Thread 0x00007f2bf80bd000 nmethod 933 0x00007f2be9352410 code [0x00007f2be93525c0, 0x00007f2be9352ab8]
Event: 619.050 Thread 0x00007f2bf80bd000  934       3       java.net.URLClassLoader$2::<init> (15 bytes)
Event: 619.051 Thread 0x00007f2bf80bd000 nmethod 934 0x00007f2be9351f50 code [0x00007f2be93520c0, 0x00007f2be9352290]
Event: 619.051 Thread 0x00007f2bf80bd000  935   !   3       sun.misc.URLClassPath::check (123 bytes)
Event: 619.053 Thread 0x00007f2bf80bd000 nmethod 935 0x00007f2be9357d50 code [0x00007f2be9357fe0, 0x00007f2be9359468]
Event: 619.056 Thread 0x00007f2bf80b8000 nmethod 932 0x00007f2be935b650 code [0x00007f2be935b7c0, 0x00007f2be935bab8]

GC Heap History (2 events):
Event: 12.602 GC heap before
{Heap before GC invocations=1 (full 0):
 PSYoungGen      total 17920K, used 15360K [0x00000000ec380000, 0x00000000ed780000, 0x0000000100000000)
  eden space 15360K, 100% used [0x00000000ec380000,0x00000000ed280000,0x00000000ed280000)
  from space 2560K, 0% used [0x00000000ed500000,0x00000000ed500000,0x00000000ed780000)
  to   space 2560K, 0% used [0x00000000ed280000,0x00000000ed280000,0x00000000ed500000)
 ParOldGen       total 40960K, used 0K [0x00000000c4a00000, 0x00000000c7200000, 0x00000000ec380000)
  object space 40960K, 0% used [0x00000000c4a00000,0x00000000c4a00000,0x00000000c7200000)
 Metaspace       used 14678K, capacity 14844K, committed 15104K, reserved 1062912K
  class space    used 1701K, capacity 1771K, committed 1792K, reserved 1048576K
Event: 12.613 GC heap after
Heap after GC invocations=1 (full 0):
 PSYoungGen      total 17920K, used 2546K [0x00000000ec380000, 0x00000000ed780000, 0x0000000100000000)
  eden space 15360K, 0% used [0x00000000ec380000,0x00000000ec380000,0x00000000ed280000)
  from space 2560K, 99% used [0x00000000ed280000,0x00000000ed4fc830,0x00000000ed500000)
  to   space 2560K, 0% used [0x00000000ed500000,0x00000000ed500000,0x00000000ed780000)
 ParOldGen       total 40960K, used 2363K [0x00000000c4a00000, 0x00000000c7200000, 0x00000000ec380000)
  object space 40960K, 5% used [0x00000000c4a00000,0x00000000c4c4ec20,0x00000000c7200000)
 Metaspace       used 14678K, capacity 14844K, committed 15104K, reserved 1062912K
  class space    used 1701K, capacity 1771K, committed 1792K, reserved 1048576K
}

Deoptimization events (8 events):
Event: 10.790 Thread 0x00007f2b98094000 Uncommon trap: reason=unstable_if action=reinterpret pc=0x00007f2be924754c method=java.lang.String.indexOf([CII[CIII)I @ 3
Event: 10.866 Thread 0x00007f2bf821a000 Uncommon trap: reason=unstable_if action=reinterpret pc=0x00007f2be9240aa0 method=sun.nio.cs.UTF_8$Decoder.decode([BII[C)I @ 30
Event: 10.912 Thread 0x00007f2bf821a000 Uncommon trap: reason=bimorphic action=maybe_recompile pc=0x00007f2be91e4904 method=java.util.Properties$LineReader.readLine()I @ 62
Event: 10.966 Thread 0x00007f2bf821a000 Uncommon trap: reason=unstable_if action=reinterpret pc=0x00007f2be91e3afc method=java.util.Properties.loadConvert([CII[C)Ljava/lang/String; @ 57
Event: 10.967 Thread 0x00007f2bf821a000 Uncommon trap: reason=bimorphic action=maybe_recompile pc=0x00007f2be91e4904 method=java.util.Properties$LineReader.readLine()I @ 62
Event: 10.970 Thread 0x00007f2bf821a000 Uncommon trap: reason=bimorphic action=maybe_recompile pc=0x00007f2be91e4904 method=java.util.Properties$LineReader.readLine()I @ 62
Event: 10.972 Thread 0x00007f2bf821a000 Uncommon trap: reason=bimorphic action=maybe_recompile pc=0x00007f2be91e4904 method=java.util.Properties$LineReader.readLine()I @ 62
Event: 11.027 Thread 0x00007f2bf821a000 Uncommon trap: reason=bimorphic action=maybe_recompile pc=0x00007f2be91dec44 method=java.util.Properties$LineReader.readLine()I @ 62

Internal exceptions (10 events):
Event: 0.030 Thread 0x00007f2bf800a000 Exception <a 'java/lang/NoSuchMethodError': Method sun.misc.Unsafe.defineClass(Ljava/lang/String;[BII)Ljava/lang/Class; name or signature does not match> (0x00000000ec387ca8) thrown at [/HUDSON3/workspace/8-2-build-linux-amd64/jdk8u144/9417/hotspot/src/sh
Event: 0.030 Thread 0x00007f2bf800a000 Exception <a 'java/lang/NoSuchMethodError': Method sun.misc.Unsafe.prefetchRead(Ljava/lang/Object;J)V name or signature does not match> (0x00000000ec387f90) thrown at [/HUDSON3/workspace/8-2-build-linux-amd64/jdk8u144/9417/hotspot/src/share/vm/prims/jni.c
Event: 0.662 Thread 0x00007f2bf800a000 Exception <a 'java/security/PrivilegedActionException'> (0x00000000ec3fb418) thrown at [/HUDSON3/workspace/8-2-build-linux-amd64/jdk8u144/9417/hotspot/src/share/vm/prims/jvm.cpp, line 1390]
Event: 0.662 Thread 0x00007f2bf800a000 Exception <a 'java/security/PrivilegedActionException'> (0x00000000ec3fb628) thrown at [/HUDSON3/workspace/8-2-build-linux-amd64/jdk8u144/9417/hotspot/src/share/vm/prims/jvm.cpp, line 1390]
Event: 0.663 Thread 0x00007f2bf800a000 Exception <a 'java/security/PrivilegedActionException'> (0x00000000ec3fda90) thrown at [/HUDSON3/workspace/8-2-build-linux-amd64/jdk8u144/9417/hotspot/src/share/vm/prims/jvm.cpp, line 1390]
Event: 0.663 Thread 0x00007f2bf800a000 Exception <a 'java/security/PrivilegedActionException'> (0x00000000ec3fdca0) thrown at [/HUDSON3/workspace/8-2-build-linux-amd64/jdk8u144/9417/hotspot/src/share/vm/prims/jvm.cpp, line 1390]
Event: 0.922 Thread 0x00007f2bf800a000 Exception <a 'java/lang/NoSuchFieldError': method resolution failed> (0x00000000ec535188) thrown at [/HUDSON3/workspace/8-2-build-linux-amd64/jdk8u144/9417/hotspot/src/share/vm/prims/methodHandles.cpp, line 1146]
Event: 0.923 Thread 0x00007f2bf800a000 Exception <a 'java/lang/NoSuchFieldError': method resolution failed> (0x00000000ec542958) thrown at [/HUDSON3/workspace/8-2-build-linux-amd64/jdk8u144/9417/hotspot/src/share/vm/prims/methodHandles.cpp, line 1146]
Event: 1.062 Thread 0x00007f2bf800a000 Exception <a 'java/io/FileNotFoundException'> (0x00000000ec5c1c30) thrown at [/HUDSON3/workspace/8-2-build-linux-amd64/jdk8u144/9417/hotspot/src/share/vm/prims/jni.cpp, line 709]
Event: 1.062 Thread 0x00007f2bf800a000 Exception <a 'java/io/FileNotFoundException'> (0x00000000ec5c25e8) thrown at [/HUDSON3/workspace/8-2-build-linux-amd64/jdk8u144/9417/hotspot/src/share/vm/prims/jni.cpp, line 709]

Events (10 events):
Event: 13.012 loading class java/awt/KeyboardFocusManager$HeavyweightFocusRequest done
Event: 474.930 loading class sun/awt/X11/XkbEvent
Event: 474.941 loading class sun/awt/X11/XkbEvent done
Event: 474.941 loading class sun/awt/X11/XkbAnyEvent
Event: 474.951 loading class sun/awt/X11/XkbAnyEvent done
Event: 626.697 loading class sun/misc/Signal$1
Event: 626.705 loading class sun/awt/X11/XDestroyWindowEvent
Event: 627.003 loading class sun/misc/Signal$1 done
Event: 627.004 loading class sun/awt/X11/XDestroyWindowEvent done
Event: 627.004 Thread 0x00007f2bc0001000 Thread added: 0x00007f2bc0001000


Dynamic libraries:
00400000-00401000 r-xp 00000000 08:06 795459                             /usr/lib/jvm/java-8-oracle/bin/java
00600000-00601000 rw-p 00000000 08:06 795459                             /usr/lib/jvm/java-8-oracle/bin/java
016e0000-01701000 rw-p 00000000 00:00 0                                  [heap]
c4a00000-c7200000 rw-p 00000000 00:00 0 
c7200000-ec380000 ---p 00000000 00:00 0 
ec380000-ed780000 rw-p 00000000 00:00 0 
ed780000-100000000 ---p 00000000 00:00 0 
100000000-1001e0000 rw-p 00000000 00:00 0 
1001e0000-140000000 ---p 00000000 00:00 0 
7f2b84000000-7f2b84021000 rw-p 00000000 00:00 0 
7f2b84021000-7f2b88000000 ---p 00000000 00:00 0 
7f2b8c000000-7f2b8c021000 rw-p 00000000 00:00 0 
7f2b8c021000-7f2b90000000 ---p 00000000 00:00 0 
7f2b90000000-7f2b90021000 rw-p 00000000 00:00 0 
7f2b90021000-7f2b94000000 ---p 00000000 00:00 0 
7f2b94000000-7f2b94021000 rw-p 00000000 00:00 0 
7f2b94021000-7f2b98000000 ---p 00000000 00:00 0 
7f2b98000000-7f2b983aa000 rw-p 00000000 00:00 0 
7f2b983aa000-7f2b9c000000 ---p 00000000 00:00 0 
7f2b9cfff000-7f2ba0000000 rw-p 00000000 00:00 0 
7f2ba0000000-7f2ba0028000 rw-p 00000000 00:00 0 
7f2ba0028000-7f2ba4000000 ---p 00000000 00:00 0 
7f2ba4000000-7f2ba4021000 rw-p 00000000 00:00 0 
7f2ba4021000-7f2ba8000000 ---p 00000000 00:00 0 
7f2ba8000000-7f2ba8021000 rw-p 00000000 00:00 0 
7f2ba8021000-7f2bac000000 ---p 00000000 00:00 0 
7f2bad864000-7f2bad9e4000 rw-p 00000000 00:00 0 
7f2bad9e4000-7f2bada64000 ---p 00000000 00:00 0 
7f2bada64000-7f2bada67000 ---p 00000000 00:00 0 
7f2bada67000-7f2badd65000 rw-p 00000000 00:00 0 
7f2badd65000-7f2baddce000 r-xp 00000000 08:06 918862                     /usr/lib/jvm/java-8-oracle/jre/lib/amd64/libt2k.so
7f2baddce000-7f2badfce000 ---p 00069000 08:06 918862                     /usr/lib/jvm/java-8-oracle/jre/lib/amd64/libt2k.so
7f2badfce000-7f2badfd5000 rw-p 00069000 08:06 918862                     /usr/lib/jvm/java-8-oracle/jre/lib/amd64/libt2k.so
7f2badfd5000-7f2badfe5000 rw-p 00000000 00:00 0 
7f2badff0000-7f2badff3000 ---p 00000000 00:00 0 
7f2badff3000-7f2bae0f1000 rw-p 00000000 00:00 0 
7f2bae0f1000-7f2bae0f4000 ---p 00000000 00:00 0 
7f2bae0f4000-7f2bae1f2000 rw-p 00000000 00:00 0 
7f2bae1f2000-7f2bae1f5000 ---p 00000000 00:00 0 
7f2bae1f5000-7f2bae2f3000 rw-p 00000000 00:00 0 
7f2bae2f3000-7f2bae304000 r-xp 00000000 08:06 918836                     /usr/lib/jvm/java-8-oracle/jre/lib/amd64/libnio.so
7f2bae304000-7f2bae503000 ---p 00011000 08:06 918836                     /usr/lib/jvm/java-8-oracle/jre/lib/amd64/libnio.so
7f2bae503000-7f2bae504000 rw-p 00010000 08:06 918836                     /usr/lib/jvm/java-8-oracle/jre/lib/amd64/libnio.so
7f2bae504000-7f2bae51a000 r-xp 00000000 08:06 918808                     /usr/lib/jvm/java-8-oracle/jre/lib/amd64/libnet.so
7f2bae51a000-7f2bae71a000 ---p 00016000 08:06 918808                     /usr/lib/jvm/java-8-oracle/jre/lib/amd64/libnet.so
7f2bae71a000-7f2bae71b000 rw-p 00016000 08:06 918808                     /usr/lib/jvm/java-8-oracle/jre/lib/amd64/libnet.so
7f2bae71b000-7f2bae91b000 rw-p 00000000 00:00 0 
7f2bae91b000-7f2bae91e000 ---p 00000000 00:00 0 
7f2bae91e000-7f2baea1c000 rw-p 00000000 00:00 0 
7f2baea1c000-7f2baea1f000 ---p 00000000 00:00 0 
7f2baea1f000-7f2baeb1d000 rw-p 00000000 00:00 0 
7f2baeb1d000-7f2baeb20000 ---p 00000000 00:00 0 
7f2baeb20000-7f2baec1e000 rw-p 00000000 00:00 0 
7f2baec1e000-7f2baec23000 r-xp 00000000 08:06 664595                     /usr/lib/x86_64-linux-gnu/libXfixes.so.3.1.0
7f2baec23000-7f2baee22000 ---p 00005000 08:06 664595                     /usr/lib/x86_64-linux-gnu/libXfixes.so.3.1.0
7f2baee22000-7f2baee23000 r--p 00004000 08:06 664595                     /usr/lib/x86_64-linux-gnu/libXfixes.so.3.1.0
7f2baee23000-7f2baee24000 rw-p 00005000 08:06 664595                     /usr/lib/x86_64-linux-gnu/libXfixes.so.3.1.0
7f2baee24000-7f2baee2d000 r-xp 00000000 08:06 664587                     /usr/lib/x86_64-linux-gnu/libXcursor.so.1.0.2
7f2baee2d000-7f2baf02c000 ---p 00009000 08:06 664587                     /usr/lib/x86_64-linux-gnu/libXcursor.so.1.0.2
7f2baf02c000-7f2baf02d000 r--p 00008000 08:06 664587                     /usr/lib/x86_64-linux-gnu/libXcursor.so.1.0.2
7f2baf02d000-7f2baf02e000 rw-p 00009000 08:06 664587                     /usr/lib/x86_64-linux-gnu/libXcursor.so.1.0.2
7f2baf02e000-7f2baf031000 ---p 00000000 00:00 0 
7f2baf031000-7f2baf12f000 rw-p 00000000 00:00 0 
7f2baf12f000-7f2baf145000 r-xp 00000000 08:06 3281942                    /lib/x86_64-linux-gnu/libgcc_s.so.1
7f2baf145000-7f2baf344000 ---p 00016000 08:06 3281942                    /lib/x86_64-linux-gnu/libgcc_s.so.1
7f2baf344000-7f2baf345000 rw-p 00015000 08:06 3281942                    /lib/x86_64-linux-gnu/libgcc_s.so.1
7f2baf345000-7f2baf3aa000 r-xp 00000000 08:06 918830                     /usr/lib/jvm/java-8-oracle/jre/lib/amd64/libfontmanager.so
7f2baf3aa000-7f2baf5a9000 ---p 00065000 08:06 918830                     /usr/lib/jvm/java-8-oracle/jre/lib/amd64/libfontmanager.so
7f2baf5a9000-7f2baf5ae000 rw-p 00064000 08:06 918830                     /usr/lib/jvm/java-8-oracle/jre/lib/amd64/libfontmanager.so
7f2baf5ae000-7f2baf5be000 rw-p 00000000 00:00 0 
7f2baf5be000-7f2baf5c3000 r-xp 00000000 08:06 664591                     /usr/lib/x86_64-linux-gnu/libXdmcp.so.6.0.0
7f2baf5c3000-7f2baf7c2000 ---p 00005000 08:06 664591                     /usr/lib/x86_64-linux-gnu/libXdmcp.so.6.0.0
7f2baf7c2000-7f2baf7c3000 r--p 00004000 08:06 664591                     /usr/lib/x86_64-linux-gnu/libXdmcp.so.6.0.0
7f2baf7c3000-7f2baf7c4000 rw-p 00005000 08:06 664591                     /usr/lib/x86_64-linux-gnu/libXdmcp.so.6.0.0
7f2baf7c4000-7f2baf7c6000 r-xp 00000000 08:06 664580                     /usr/lib/x86_64-linux-gnu/libXau.so.6.0.0
7f2baf7c6000-7f2baf9c6000 ---p 00002000 08:06 664580                     /usr/lib/x86_64-linux-gnu/libXau.so.6.0.0
7f2baf9c6000-7f2baf9c7000 r--p 00002000 08:06 664580                     /usr/lib/x86_64-linux-gnu/libXau.so.6.0.0
7f2baf9c7000-7f2baf9c8000 rw-p 00003000 08:06 664580                     /usr/lib/x86_64-linux-gnu/libXau.so.6.0.0
7f2baf9c8000-7f2baf9e9000 r-xp 00000000 08:06 665998                     /usr/lib/x86_64-linux-gnu/libxcb.so.1.1.0
7f2baf9e9000-7f2bafbe8000 ---p 00021000 08:06 665998                     /usr/lib/x86_64-linux-gnu/libxcb.so.1.1.0
7f2bafbe8000-7f2bafbe9000 r--p 00020000 08:06 665998                     /usr/lib/x86_64-linux-gnu/libxcb.so.1.1.0
7f2bafbe9000-7f2bafbea000 rw-p 00021000 08:06 665998                     /usr/lib/x86_64-linux-gnu/libxcb.so.1.1.0
7f2bafbea000-7f2bafbf9000 r-xp 00000000 08:06 664603                     /usr/lib/x86_64-linux-gnu/libXi.so.6.1.0
7f2bafbf9000-7f2bafdf8000 ---p 0000f000 08:06 664603                     /usr/lib/x86_64-linux-gnu/libXi.so.6.1.0
7f2bafdf8000-7f2bafdf9000 r--p 0000e000 08:06 664603                     /usr/lib/x86_64-linux-gnu/libXi.so.6.1.0
7f2bafdf9000-7f2bafdfa000 rw-p 0000f000 08:06 664603                     /usr/lib/x86_64-linux-gnu/libXi.so.6.1.0
7f2bafdfa000-7f2bafdff000 r-xp 00000000 08:06 664621                     /usr/lib/x86_64-linux-gnu/libXtst.so.6.1.0
7f2bafdff000-7f2bafffe000 ---p 00005000 08:06 664621                     /usr/lib/x86_64-linux-gnu/libXtst.so.6.1.0
7f2bafffe000-7f2baffff000 r--p 00004000 08:06 664621                     /usr/lib/x86_64-linux-gnu/libXtst.so.6.1.0
7f2baffff000-7f2bb0000000 rw-p 00005000 08:06 664621                     /usr/lib/x86_64-linux-gnu/libXtst.so.6.1.0
7f2bb0000000-7f2bb0021000 rw-p 00000000 00:00 0 
7f2bb0021000-7f2bb4000000 ---p 00000000 00:00 0 
7f2bb4000000-7f2bb4021000 rw-p 00000000 00:00 0 
7f2bb4021000-7f2bb8000000 ---p 00000000 00:00 0 
7f2bb8000000-7f2bb80ad000 rw-p 00000000 00:00 0 
7f2bb80ad000-7f2bbc000000 ---p 00000000 00:00 0 
7f2bbc000000-7f2bbc4e4000 rw-p 00000000 00:00 0 
7f2bbc4e4000-7f2bc0000000 ---p 00000000 00:00 0 
7f2bc0000000-7f2bc0021000 rw-p 00000000 00:00 0 
7f2bc0021000-7f2bc4000000 ---p 00000000 00:00 0 
7f2bc4000000-7f2bc4190000 rw-p 00000000 00:00 0 
7f2bc4190000-7f2bc8000000 ---p 00000000 00:00 0 
7f2bc8000000-7f2bc8021000 rw-p 00000000 00:00 0 
7f2bc8021000-7f2bcc000000 ---p 00000000 00:00 0 
7f2bcc000000-7f2bcc021000 rw-p 00000000 00:00 0 
7f2bcc021000-7f2bd0000000 ---p 00000000 00:00 0 
7f2bd0000000-7f2bd0021000 rw-p 00000000 00:00 0 
7f2bd0021000-7f2bd4000000 ---p 00000000 00:00 0 
7f2bd4004000-7f2bd400d000 r-xp 00000000 08:06 664615                     /usr/lib/x86_64-linux-gnu/libXrender.so.1.3.0
7f2bd400d000-7f2bd420c000 ---p 00009000 08:06 664615                     /usr/lib/x86_64-linux-gnu/libXrender.so.1.3.0
7f2bd420c000-7f2bd420d000 r--p 00008000 08:06 664615                     /usr/lib/x86_64-linux-gnu/libXrender.so.1.3.0
7f2bd420d000-7f2bd420e000 rw-p 00009000 08:06 664615                     /usr/lib/x86_64-linux-gnu/libXrender.so.1.3.0
7f2bd420e000-7f2bd4343000 r-xp 00000000 08:06 664576                     /usr/lib/x86_64-linux-gnu/libX11.so.6.3.0
7f2bd4343000-7f2bd4543000 ---p 00135000 08:06 664576                     /usr/lib/x86_64-linux-gnu/libX11.so.6.3.0
7f2bd4543000-7f2bd4544000 r--p 00135000 08:06 664576                     /usr/lib/x86_64-linux-gnu/libX11.so.6.3.0
7f2bd4544000-7f2bd4548000 rw-p 00136000 08:06 664576                     /usr/lib/x86_64-linux-gnu/libX11.so.6.3.0
7f2bd4548000-7f2bd4559000 r-xp 00000000 08:06 664593                     /usr/lib/x86_64-linux-gnu/libXext.so.6.4.0
7f2bd4559000-7f2bd4758000 ---p 00011000 08:06 664593                     /usr/lib/x86_64-linux-gnu/libXext.so.6.4.0
7f2bd4758000-7f2bd4759000 r--p 00010000 08:06 664593                     /usr/lib/x86_64-linux-gnu/libXext.so.6.4.0
7f2bd4759000-7f2bd475a000 rw-p 00011000 08:06 664593                     /usr/lib/x86_64-linux-gnu/libXext.so.6.4.0
7f2bd475a000-7f2bd47ae000 r-xp 00000000 08:06 918838                     /usr/lib/jvm/java-8-oracle/jre/lib/amd64/libawt_xawt.so
7f2bd47ae000-7f2bd49ae000 ---p 00054000 08:06 918838                     /usr/lib/jvm/java-8-oracle/jre/lib/amd64/libawt_xawt.so
7f2bd49ae000-7f2bd49b2000 rw-p 00054000 08:06 918838                     /usr/lib/jvm/java-8-oracle/jre/lib/amd64/libawt_xawt.so
7f2bd49b2000-7f2bd49b3000 rw-p 00000000 00:00 0 
7f2bd49b3000-7f2bd4a55000 r-xp 00000000 08:06 918865                     /usr/lib/jvm/java-8-oracle/jre/lib/amd64/libawt.so
7f2bd4a55000-7f2bd4c55000 ---p 000a2000 08:06 918865                     /usr/lib/jvm/java-8-oracle/jre/lib/amd64/libawt.so
7f2bd4c55000-7f2bd4c61000 rw-p 000a2000 08:06 918865                     /usr/lib/jvm/java-8-oracle/jre/lib/amd64/libawt.so
7f2bd4c61000-7f2bd4c85000 rw-p 00000000 00:00 0 
7f2bd4c85000-7f2bd4c86000 ---p 00000000 00:00 0 
7f2bd4c86000-7f2bd4d86000 rw-p 00000000 00:00 0 
7f2bd4d86000-7f2bd4d89000 ---p 00000000 00:00 0 
7f2bd4d89000-7f2bd4e87000 rw-p 00000000 00:00 0 
7f2bd4e87000-7f2bd4e8a000 ---p 00000000 00:00 0 
7f2bd4e8a000-7f2bd4f88000 rw-p 00000000 00:00 0 
7f2bd4f88000-7f2bd4f8b000 ---p 00000000 00:00 0 
7f2bd4f8b000-7f2bd5089000 rw-p 00000000 00:00 0 
7f2bd5089000-7f2bd508c000 ---p 00000000 00:00 0 
7f2bd508c000-7f2bd518a000 rw-p 00000000 00:00 0 
7f2bd518a000-7f2bd518d000 ---p 00000000 00:00 0 
7f2bd518d000-7f2bd528b000 rw-p 00000000 00:00 0 
7f2bd528b000-7f2bd5c4a000 r--p 00000000 08:06 663298                     /usr/lib/locale/locale-archive
7f2bd5c4a000-7f2bd5c4d000 ---p 00000000 00:00 0 
7f2bd5c4d000-7f2bd5d4b000 rw-p 00000000 00:00 0 
7f2bd5d4b000-7f2bd5d4e000 ---p 00000000 00:00 0 
7f2bd5d4e000-7f2bd5e4c000 rw-p 00000000 00:00 0 
7f2bd5e4c000-7f2bd5e4d000 ---p 00000000 00:00 0 
7f2bd5e4d000-7f2bd8000000 rw-p 00000000 00:00 0 
7f2bd8000000-7f2bd8021000 rw-p 00000000 00:00 0 
7f2bd8021000-7f2bdc000000 ---p 00000000 00:00 0 
7f2bdc000000-7f2bdc021000 rw-p 00000000 00:00 0 
7f2bdc021000-7f2be0000000 ---p 00000000 00:00 0 
7f2be0000000-7f2be0021000 rw-p 00000000 00:00 0 
7f2be0021000-7f2be4000000 ---p 00000000 00:00 0 
7f2be4000000-7f2be4021000 rw-p 00000000 00:00 0 
7f2be4021000-7f2be8000000 ---p 00000000 00:00 0 
7f2be8002000-7f2be8007000 r--s 0009a000 08:06 795487                     /usr/lib/jvm/java-8-oracle/jre/lib/jsse.jar
7f2be8023000-7f2be802e000 r--s 00000000 08:06 1317027                    /var/cache/fontconfig/945677eb7aeaf62f1d50efc3fb3ec7d8-le64.cache-6
7f2be802e000-7f2be8034000 r--s 00000000 08:06 1317009                    /var/cache/fontconfig/2cd17615ca594fa2959ae173292e504c-le64.cache-6
7f2be8034000-7f2be8035000 r--s 00000000 08:06 1317006                    /var/cache/fontconfig/0d8c3b2ac0904cb8a57a757ad11a4a08-le64.cache-6
7f2be8035000-7f2be8039000 r--s 00000000 08:06 1314913                    /var/cache/fontconfig/de156ccd2eddbdc19d37a45b8b2aac9c-le64.cache-6
7f2be8039000-7f2be804e000 r--s 00000000 08:06 1317003                    /var/cache/fontconfig/04aabc0a78ac019cf9454389977116d2-le64.cache-6
7f2be804e000-7f2be804f000 r--s 00000000 08:06 1317008                    /var/cache/fontconfig/1ac9eb803944fde146138c791f5cc56a-le64.cache-6
7f2be804f000-7f2be8053000 r--s 00000000 08:06 1317013                    /var/cache/fontconfig/385c0604a188198f04d133e54aba7fe7-le64.cache-6
7f2be8053000-7f2be8054000 r--s 00000000 08:06 1317040                    /var/cache/fontconfig/dc05db6664285cc2f12bf69c139ae4c3-le64.cache-6
7f2be8054000-7f2be8057000 r--s 00000000 08:06 1317023                    /var/cache/fontconfig/767a8244fc0220cfb567a839d0392e0b-le64.cache-6
7f2be8057000-7f2be8058000 r--s 00000000 08:06 1317014                    /var/cache/fontconfig/4794a0821666d79190d59a36cb4f44b5-le64.cache-6
7f2be8058000-7f2be805d000 r--s 00000000 08:06 1317026                    /var/cache/fontconfig/8801497958630a81b71ace7c5f9b32a8-le64.cache-6
7f2be805d000-7f2be805e000 r--s 00000000 08:06 1317033                    /var/cache/fontconfig/bab58bb527bb656aaa9f116d68a48d89-le64.cache-6
7f2be805e000-7f2be8065000 r--s 00000000 08:06 1317010                    /var/cache/fontconfig/3047814df9a2f067bd2d96a2b9c36e5a-le64.cache-6
7f2be8065000-7f2be806b000 r--s 00000000 08:06 1317031                    /var/cache/fontconfig/b47c4e1ecd0709278f4910c18777a504-le64.cache-6
7f2be806b000-7f2be807e000 r--s 00000000 08:06 1317037                    /var/cache/fontconfig/d52a8644073d54c13679302ca1180695-le64.cache-6
7f2be807e000-7f2be8082000 r--s 00000000 08:06 1317038                    /var/cache/fontconfig/d589a48862398ed80a3d6066f4f56f4c-le64.cache-6
7f2be8082000-7f2be808d000 r--s 00000000 08:06 1317025                    /var/cache/fontconfig/83bf95040141907cd45bb53cf7c1c148-le64.cache-6
7f2be808d000-7f2be809f000 r--s 00000000 08:06 1317029                    /var/cache/fontconfig/9b89f8e3dae116d678bbf48e5f21f69b-le64.cache-6
7f2be80b7000-7f2be9000000 rw-p 00000000 00:00 0 
7f2be9000000-7f2be9360000 rwxp 00000000 00:00 0 
7f2be9360000-7f2bf8000000 ---p 00000000 00:00 0 
7f2bf8000000-7f2bf821c000 rw-p 00000000 00:00 0 
7f2bf821c000-7f2bfc000000 ---p 00000000 00:00 0 
7f2bfc000000-7f2bfc001000 r--s 00000000 08:06 1317017                    /var/cache/fontconfig/56cf4f4769d0f4abc89a4895d7bd3ae1-le64.cache-6
7f2bfc001000-7f2bfc002000 r--s 00000000 08:06 1317032                    /var/cache/fontconfig/b9d506c9ac06c20b433354fa67a72993-le64.cache-6
7f2bfc002000-7f2bfc003000 r--s 00000000 08:06 1317016                    /var/cache/fontconfig/551ecf3b0e8b0bca0f25c0944f561853-le64.cache-6
7f2bfc003000-7f2bfc006000 r--s 00000000 08:06 1317022                    /var/cache/fontconfig/75114ca45c98e8a441da0ff356701271-le64.cache-6
7f2bfc006000-7f2bfc013000 r--s 00000000 08:06 1317425                    /var/cache/fontconfig/e13b20fdb08344e0e664864cc2ede53d-le64.cache-6
7f2bfc013000-7f2bfc017000 r--s 00000000 08:06 1313625                    /var/cache/fontconfig/7ef2298fde41cc6eeb7af42e48b7d293-le64.cache-6
7f2bfc017000-7f2bfc58c000 rw-p 00000000 00:00 0 
7f2bfc58c000-7f2bfc766000 r--s 03d4d000 08:06 795506                     /usr/lib/jvm/java-8-oracle/jre/lib/rt.jar
7f2bfc766000-7f2bfc9b7000 rw-p 00000000 00:00 0 
7f2bfc9b7000-7f2bfc9b8000 ---p 00000000 00:00 0 
7f2bfc9b8000-7f2bfcab8000 rw-p 00000000 00:00 0 
7f2bfcab8000-7f2bfcab9000 ---p 00000000 00:00 0 
7f2bfcab9000-7f2bfcbb9000 rw-p 00000000 00:00 0 
7f2bfcbb9000-7f2bfcbba000 ---p 00000000 00:00 0 
7f2bfcbba000-7f2bfccba000 rw-p 00000000 00:00 0 
7f2bfccba000-7f2bfccbb000 ---p 00000000 00:00 0 
7f2bfccbb000-7f2bfcdcf000 rw-p 00000000 00:00 0 
7f2bfcdcf000-7f2bfcef8000 ---p 00000000 00:00 0 
7f2bfcef8000-7f2bfcf0c000 rw-p 00000000 00:00 0 
7f2bfcf0c000-7f2bfd034000 ---p 00000000 00:00 0 
7f2bfd034000-7f2bfd03f000 rw-p 00000000 00:00 0 
7f2bfd03f000-7f2bfd0d3000 ---p 00000000 00:00 0 
7f2bfd0d3000-7f2bfd0e2000 rw-p 00000000 00:00 0 
7f2bfd0e2000-7f2bfd494000 ---p 00000000 00:00 0 
7f2bfd494000-7f2bfd4ae000 r-xp 00000000 08:06 918834                     /usr/lib/jvm/java-8-oracle/jre/lib/amd64/libzip.so
7f2bfd4ae000-7f2bfd6ae000 ---p 0001a000 08:06 918834                     /usr/lib/jvm/java-8-oracle/jre/lib/amd64/libzip.so
7f2bfd6ae000-7f2bfd6af000 rw-p 0001a000 08:06 918834                     /usr/lib/jvm/java-8-oracle/jre/lib/amd64/libzip.so
7f2bfd6af000-7f2bfd6ba000 r-xp 00000000 08:06 3282003                    /lib/x86_64-linux-gnu/libnss_files-2.23.so
7f2bfd6ba000-7f2bfd8b9000 ---p 0000b000 08:06 3282003                    /lib/x86_64-linux-gnu/libnss_files-2.23.so
7f2bfd8b9000-7f2bfd8ba000 r--p 0000a000 08:06 3282003                    /lib/x86_64-linux-gnu/libnss_files-2.23.so
7f2bfd8ba000-7f2bfd8bb000 rw-p 0000b000 08:06 3282003                    /lib/x86_64-linux-gnu/libnss_files-2.23.so
7f2bfd8bb000-7f2bfd8c1000 rw-p 00000000 00:00 0 
7f2bfd8c1000-7f2bfd8cc000 r-xp 00000000 08:06 3282013                    /lib/x86_64-linux-gnu/libnss_nis-2.23.so
7f2bfd8cc000-7f2bfdacb000 ---p 0000b000 08:06 3282013                    /lib/x86_64-linux-gnu/libnss_nis-2.23.so
7f2bfdacb000-7f2bfdacc000 r--p 0000a000 08:06 3282013                    /lib/x86_64-linux-gnu/libnss_nis-2.23.so
7f2bfdacc000-7f2bfdacd000 rw-p 0000b000 08:06 3282013                    /lib/x86_64-linux-gnu/libnss_nis-2.23.so
7f2bfdacd000-7f2bfdae3000 r-xp 00000000 08:06 3281997                    /lib/x86_64-linux-gnu/libnsl-2.23.so
7f2bfdae3000-7f2bfdce2000 ---p 00016000 08:06 3281997                    /lib/x86_64-linux-gnu/libnsl-2.23.so
7f2bfdce2000-7f2bfdce3000 r--p 00015000 08:06 3281997                    /lib/x86_64-linux-gnu/libnsl-2.23.so
7f2bfdce3000-7f2bfdce4000 rw-p 00016000 08:06 3281997                    /lib/x86_64-linux-gnu/libnsl-2.23.so
7f2bfdce4000-7f2bfdce6000 rw-p 00000000 00:00 0 
7f2bfdce6000-7f2bfdcee000 r-xp 00000000 08:06 3281999                    /lib/x86_64-linux-gnu/libnss_compat-2.23.so
7f2bfdcee000-7f2bfdeed000 ---p 00008000 08:06 3281999                    /lib/x86_64-linux-gnu/libnss_compat-2.23.so
7f2bfdeed000-7f2bfdeee000 r--p 00007000 08:06 3281999                    /lib/x86_64-linux-gnu/libnss_compat-2.23.so
7f2bfdeee000-7f2bfdeef000 rw-p 00008000 08:06 3281999                    /lib/x86_64-linux-gnu/libnss_compat-2.23.so
7f2bfdeef000-7f2bfdf1a000 r-xp 00000000 08:06 918859                     /usr/lib/jvm/java-8-oracle/jre/lib/amd64/libjava.so
7f2bfdf1a000-7f2bfe119000 ---p 0002b000 08:06 918859                     /usr/lib/jvm/java-8-oracle/jre/lib/amd64/libjava.so
7f2bfe119000-7f2bfe11b000 rw-p 0002a000 08:06 918859                     /usr/lib/jvm/java-8-oracle/jre/lib/amd64/libjava.so
7f2bfe11b000-7f2bfe128000 r-xp 00000000 08:06 918809                     /usr/lib/jvm/java-8-oracle/jre/lib/amd64/libverify.so
7f2bfe128000-7f2bfe328000 ---p 0000d000 08:06 918809                     /usr/lib/jvm/java-8-oracle/jre/lib/amd64/libverify.so
7f2bfe328000-7f2bfe32a000 rw-p 0000d000 08:06 918809                     /usr/lib/jvm/java-8-oracle/jre/lib/amd64/libverify.so
7f2bfe32a000-7f2bfe331000 r-xp 00000000 08:06 3282058                    /lib/x86_64-linux-gnu/librt-2.23.so
7f2bfe331000-7f2bfe530000 ---p 00007000 08:06 3282058                    /lib/x86_64-linux-gnu/librt-2.23.so
7f2bfe530000-7f2bfe531000 r--p 00006000 08:06 3282058                    /lib/x86_64-linux-gnu/librt-2.23.so
7f2bfe531000-7f2bfe532000 rw-p 00007000 08:06 3282058                    /lib/x86_64-linux-gnu/librt-2.23.so
7f2bfe532000-7f2bfe63a000 r-xp 00000000 08:06 3281974                    /lib/x86_64-linux-gnu/libm-2.23.so
7f2bfe63a000-7f2bfe839000 ---p 00108000 08:06 3281974                    /lib/x86_64-linux-gnu/libm-2.23.so
7f2bfe839000-7f2bfe83a000 r--p 00107000 08:06 3281974                    /lib/x86_64-linux-gnu/libm-2.23.so
7f2bfe83a000-7f2bfe83b000 rw-p 00108000 08:06 3281974                    /lib/x86_64-linux-gnu/libm-2.23.so
7f2bfe83b000-7f2bff50e000 r-xp 00000000 08:06 918871                     /usr/lib/jvm/java-8-oracle/jre/lib/amd64/server/libjvm.so
7f2bff50e000-7f2bff70d000 ---p 00cd3000 08:06 918871                     /usr/lib/jvm/java-8-oracle/jre/lib/amd64/server/libjvm.so
7f2bff70d000-7f2bff7e7000 rw-p 00cd2000 08:06 918871                     /usr/lib/jvm/java-8-oracle/jre/lib/amd64/server/libjvm.so
7f2bff7e7000-7f2bff832000 rw-p 00000000 00:00 0 
7f2bff832000-7f2bff9f2000 r-xp 00000000 08:06 3281904                    /lib/x86_64-linux-gnu/libc-2.23.so
7f2bff9f2000-7f2bffbf2000 ---p 001c0000 08:06 3281904                    /lib/x86_64-linux-gnu/libc-2.23.so
7f2bffbf2000-7f2bffbf6000 r--p 001c0000 08:06 3281904                    /lib/x86_64-linux-gnu/libc-2.23.so
7f2bffbf6000-7f2bffbf8000 rw-p 001c4000 08:06 3281904                    /lib/x86_64-linux-gnu/libc-2.23.so
7f2bffbf8000-7f2bffbfc000 rw-p 00000000 00:00 0 
7f2bffbfc000-7f2bffbff000 r-xp 00000000 08:06 3281928                    /lib/x86_64-linux-gnu/libdl-2.23.so
7f2bffbff000-7f2bffdfe000 ---p 00003000 08:06 3281928                    /lib/x86_64-linux-gnu/libdl-2.23.so
7f2bffdfe000-7f2bffdff000 r--p 00002000 08:06 3281928                    /lib/x86_64-linux-gnu/libdl-2.23.so
7f2bffdff000-7f2bffe00000 rw-p 00003000 08:06 3281928                    /lib/x86_64-linux-gnu/libdl-2.23.so
7f2bffe00000-7f2bffe15000 r-xp 00000000 08:06 793200                     /usr/lib/jvm/java-8-oracle/lib/amd64/jli/libjli.so
7f2bffe15000-7f2c00015000 ---p 00015000 08:06 793200                     /usr/lib/jvm/java-8-oracle/lib/amd64/jli/libjli.so
7f2c00015000-7f2c00016000 rw-p 00015000 08:06 793200                     /usr/lib/jvm/java-8-oracle/lib/amd64/jli/libjli.so
7f2c00016000-7f2c0002e000 r-xp 00000000 08:06 3282050                    /lib/x86_64-linux-gnu/libpthread-2.23.so
7f2c0002e000-7f2c0022d000 ---p 00018000 08:06 3282050                    /lib/x86_64-linux-gnu/libpthread-2.23.so
7f2c0022d000-7f2c0022e000 r--p 00017000 08:06 3282050                    /lib/x86_64-linux-gnu/libpthread-2.23.so
7f2c0022e000-7f2c0022f000 rw-p 00018000 08:06 3282050                    /lib/x86_64-linux-gnu/libpthread-2.23.so
7f2c0022f000-7f2c00233000 rw-p 00000000 00:00 0 
7f2c00233000-7f2c00259000 r-xp 00000000 08:06 3281876                    /lib/x86_64-linux-gnu/ld-2.23.so
7f2c00259000-7f2c0025a000 r--s 00000000 08:06 1317011                    /var/cache/fontconfig/30829fa25452a46451e813d634d7f916-le64.cache-6
7f2c0025a000-7f2c0025b000 r--s 00000000 08:06 1317005                    /var/cache/fontconfig/0c9eb80ebd1c36541ebe2852d3bb0c49-le64.cache-6
7f2c0025b000-7f2c0025e000 r--s 0001e000 08:06 3807088                    /home/nikhil/eclipse-workspace/Teacher Monitoring System/jgoodies-forms-1.8.0.jar
7f2c0025e000-7f2c00260000 r--s 00009000 08:06 3805298                    /home/nikhil/eclipse-workspace/Teacher Monitoring System/jgoodies-common-1.8.0.jar
7f2c00260000-7f2c00338000 rw-p 00000000 00:00 0 
7f2c00338000-7f2c0033b000 ---p 00000000 00:00 0 
7f2c0033b000-7f2c0043d000 rw-p 00000000 00:00 0 
7f2c0043d000-7f2c00447000 r--s 000eb000 08:06 3677401                    /home/nikhil/eclipse/java-oxygen/eclipse/mysql-connector-java-5.1.44/mysql-connector-java-5.1.44-bin.jar
7f2c00447000-7f2c0044c000 r--s 002f9000 08:06 795488                     /usr/lib/jvm/java-8-oracle/jre/lib/charsets.jar
7f2c0044c000-7f2c00454000 rw-s 00000000 08:06 2756383                    /tmp/hsperfdata_nikhil/2323
7f2c00454000-7f2c00455000 rw-p 00000000 00:00 0 
7f2c00455000-7f2c00456000 r--p 00000000 00:00 0 
7f2c00456000-7f2c00458000 rw-p 00000000 00:00 0 
7f2c00458000-7f2c00459000 r--p 00025000 08:06 3281876                    /lib/x86_64-linux-gnu/ld-2.23.so
7f2c00459000-7f2c0045a000 rw-p 00026000 08:06 3281876                    /lib/x86_64-linux-gnu/ld-2.23.so
7f2c0045a000-7f2c0045b000 rw-p 00000000 00:00 0 
7ffe5659c000-7ffe565bd000 rw-p 00000000 00:00 0                          [stack]
7ffe565c7000-7ffe565c9000 r--p 00000000 00:00 0                          [vvar]
7ffe565c9000-7ffe565cb000 r-xp 00000000 00:00 0                          [vdso]
ffffffffff600000-ffffffffff601000 r-xp 00000000 00:00 0                  [vsyscall]

VM Arguments:
jvm_args: -Dfile.encoding=UTF-8 
java_command: Java.Login
java_class_path (initial): /home/nikhil/eclipse-workspace/Teacher Monitoring System/bin:/home/nikhil/eclipse/java-oxygen/eclipse/mysql-connector-java-5.1.44/mysql-connector-java-5.1.44-bin.jar:/home/nikhil/eclipse-workspace/Teacher Monitoring System/jgoodies-common-1.8.0.jar:/home/nikhil/eclipse-workspace/Teacher Monitoring System/jgoodies-forms-1.8.0.jar
Launcher Type: SUN_STANDARD

Environment Variables:
JAVA_HOME=/usr/lib/jvm/java-8-oracle
PATH=/home/nikhil/bin:/home/nikhil/.local/bin:/usr/local/sbin:/usr/local/bin:/usr/sbin:/usr/bin:/sbin:/bin:/usr/games:/usr/local/games:/snap/bin:/usr/lib/jvm/java-8-oracle/bin:/usr/lib/jvm/java-8-oracle/db/bin:/usr/lib/jvm/java-8-oracle/jre/bin
SHELL=/bin/bash
DISPLAY=:0

Signal Handlers:
SIGSEGV: [libjvm.so+0xacba10], sa_mask[0]=11111111011111111101111111111110, sa_flags=SA_RESTART|SA_SIGINFO
SIGBUS: [libjvm.so+0xacba10], sa_mask[0]=11111111011111111101111111111110, sa_flags=SA_RESTART|SA_SIGINFO
SIGFPE: [libjvm.so+0x924ba0], sa_mask[0]=11111111011111111101111111111110, sa_flags=SA_RESTART|SA_SIGINFO
SIGPIPE: [libjvm.so+0x924ba0], sa_mask[0]=11111111011111111101111111111110, sa_flags=SA_RESTART|SA_SIGINFO
SIGXFSZ: [libjvm.so+0x924ba0], sa_mask[0]=11111111011111111101111111111110, sa_flags=SA_RESTART|SA_SIGINFO
SIGILL: [libjvm.so+0x924ba0], sa_mask[0]=11111111011111111101111111111110, sa_flags=SA_RESTART|SA_SIGINFO
SIGUSR1: SIG_DFL, sa_mask[0]=00000000000000000000000000000000, sa_flags=none
SIGUSR2: [libjvm.so+0x9263e0], sa_mask[0]=00100000000000000000000000000000, sa_flags=SA_RESTART|SA_SIGINFO
SIGHUP: [libjvm.so+0x9277e0], sa_mask[0]=11111111011111111101111111111110, sa_flags=SA_RESTART|SA_SIGINFO
SIGINT: [libjvm.so+0x9277e0], sa_mask[0]=11111111011111111101111111111110, sa_flags=SA_RESTART|SA_SIGINFO
SIGTERM: [libjvm.so+0x9277e0], sa_mask[0]=11111111011111111101111111111110, sa_flags=SA_RESTART|SA_SIGINFO
SIGQUIT: [libjvm.so+0x9277e0], sa_mask[0]=11111111011111111101111111111110, sa_flags=SA_RESTART|SA_SIGINFO


---------------  S Y S T E M  ---------------

OS:DISTRIB_ID=Ubuntu
DISTRIB_RELEASE=16.04
DISTRIB_CODENAME=xenial
DISTRIB_DESCRIPTION="Ubuntu 16.04.3 LTS"

uname:Linux 4.10.0-37-generic #41~16.04.1-Ubuntu SMP Fri Oct 6 22:42:59 UTC 2017 x86_64
libc:glibc 2.23 NPTL 2.23 
rlimit: STACK 8192k, CORE 0k, NPROC 14761, NOFILE 1048576, AS infinity
load average:1.35 1.43 0.93

/proc/meminfo:
MemTotal:        3883172 kB
MemFree:         2438276 kB
MemAvailable:    3120376 kB
Buffers:           98324 kB
Cached:           845464 kB
SwapCached:            0 kB
Active:           745476 kB
Inactive:         538504 kB
Active(anon):     341128 kB
Inactive(anon):    79204 kB
Active(file):     404348 kB
Inactive(file):   459300 kB
Unevictable:           8 kB
Mlocked:               8 kB
SwapTotal:       4033532 kB
SwapFree:        4033532 kB
Dirty:                 0 kB
Writeback:             0 kB
AnonPages:        339892 kB
Mapped:           138688 kB
Shmem:             80192 kB
Slab:              82216 kB
SReclaimable:      52076 kB
SUnreclaim:        30140 kB
KernelStack:        4312 kB
PageTables:         5656 kB
NFS_Unstable:          0 kB
Bounce:                0 kB
WritebackTmp:          0 kB
CommitLimit:     5975116 kB
Committed_AS:    1246016 kB
VmallocTotal:   34359738367 kB
VmallocUsed:           0 kB
VmallocChunk:          0 kB
HardwareCorrupted:     0 kB
AnonHugePages:    315392 kB
ShmemHugePages:        0 kB
ShmemPmdMapped:        0 kB
CmaTotal:              0 kB
CmaFree:               0 kB
HugePages_Total:       0
HugePages_Free:        0
HugePages_Rsvd:        0
HugePages_Surp:        0
Hugepagesize:       2048 kB
DirectMap4k:      126364 kB
DirectMap2M:     3907584 kB
DirectMap1G:           0 kB


CPU:total 4 (initial active 4) (2 cores per cpu, 2 threads per core) family 6 model 142 stepping 9, cmov, cx8, fxsr, mmx, sse, sse2, sse3, ssse3, sse4.1, sse4.2, popcnt, avx, avx2, aes, clmul, erms, 3dnowpref, lzcnt, ht, tsc, tscinvbit, bmi1, bmi2, adx

/proc/cpuinfo:
processor	: 0
vendor_id	: GenuineIntel
cpu family	: 6
model		: 142
model name	: Intel(R) Core(TM) i5-7200U CPU @ 2.50GHz
stepping	: 9
microcode	: 0x62
cpu MHz		: 1441.625
cache size	: 3072 KB
physical id	: 0
siblings	: 4
core id		: 0
cpu cores	: 2
apicid		: 0
initial apicid	: 0
fpu		: yes
fpu_exception	: yes
cpuid level	: 22
wp		: yes
flags		: fpu vme de pse tsc msr pae mce cx8 apic sep mtrr pge mca cmov pat pse36 clflush dts acpi mmx fxsr sse sse2 ss ht tm pbe syscall nx pdpe1gb rdtscp lm constant_tsc art arch_perfmon pebs bts rep_good nopl xtopology nonstop_tsc aperfmperf tsc_known_freq pni pclmulqdq dtes64 monitor ds_cpl vmx est tm2 ssse3 sdbg fma cx16 xtpr pdcm pcid sse4_1 sse4_2 x2apic movbe popcnt tsc_deadline_timer aes xsave avx f16c rdrand lahf_lm abm 3dnowprefetch epb intel_pt tpr_shadow vnmi flexpriority ept vpid fsgsbase tsc_adjust bmi1 avx2 smep bmi2 erms invpcid mpx rdseed adx smap clflushopt xsaveopt xsavec xgetbv1 xsaves dtherm ida arat pln pts hwp hwp_notify hwp_act_window hwp_epp
bugs		:
bogomips	: 5424.00
clflush size	: 64
cache_alignment	: 64
address sizes	: 39 bits physical, 48 bits virtual
power management:

processor	: 1
vendor_id	: GenuineIntel
cpu family	: 6
model		: 142
model name	: Intel(R) Core(TM) i5-7200U CPU @ 2.50GHz
stepping	: 9
microcode	: 0x62
cpu MHz		: 1176.635
cache size	: 3072 KB
physical id	: 0
siblings	: 4
core id		: 1
cpu cores	: 2
apicid		: 2
initial apicid	: 2
fpu		: yes
fpu_exception	: yes
cpuid level	: 22
wp		: yes
flags		: fpu vme de pse tsc msr pae mce cx8 apic sep mtrr pge mca cmov pat pse36 clflush dts acpi mmx fxsr sse sse2 ss ht tm pbe syscall nx pdpe1gb rdtscp lm constant_tsc art arch_perfmon pebs bts rep_good nopl xtopology nonstop_tsc aperfmperf tsc_known_freq pni pclmulqdq dtes64 monitor ds_cpl vmx est tm2 ssse3 sdbg fma cx16 xtpr pdcm pcid sse4_1 sse4_2 x2apic movbe popcnt tsc_deadline_timer aes xsave avx f16c rdrand lahf_lm abm 3dnowprefetch epb intel_pt tpr_shadow vnmi flexpriority ept vpid fsgsbase tsc_adjust bmi1 avx2 smep bmi2 erms invpcid mpx rdseed adx smap clflushopt xsaveopt xsavec xgetbv1 xsaves dtherm ida arat pln pts hwp hwp_notify hwp_act_window hwp_epp
bugs		:
bogomips	: 5424.00
clflush size	: 64
cache_alignment	: 64
address sizes	: 39 bits physical, 48 bits virtual
power management:

processor	: 2
vendor_id	: GenuineIntel
cpu family	: 6
model		: 142
model name	: Intel(R) Core(TM) i5-7200U CPU @ 2.50GHz
stepping	: 9
microcode	: 0x62
cpu MHz		: 1410.809
cache size	: 3072 KB
physical id	: 0
siblings	: 4
core id		: 0
cpu cores	: 2
apicid		: 1
initial apicid	: 1
fpu		: yes
fpu_exception	: yes
cpuid level	: 22
wp		: yes
flags		: fpu vme de pse tsc msr pae mce cx8 apic sep mtrr pge mca cmov pat pse36 clflush dts acpi mmx fxsr sse sse2 ss ht tm pbe syscall nx pdpe1gb rdtscp lm constant_tsc art arch_perfmon pebs bts rep_good nopl xtopology nonstop_tsc aperfmperf tsc_known_freq pni pclmulqdq dtes64 monitor ds_cpl vmx est tm2 ssse3 sdbg fma cx16 xtpr pdcm pcid sse4_1 sse4_2 x2apic movbe popcnt tsc_deadline_timer aes xsave avx f16c rdrand lahf_lm abm 3dnowprefetch epb intel_pt tpr_shadow vnmi flexpriority ept vpid fsgsbase tsc_adjust bmi1 avx2 smep bmi2 erms invpcid mpx rdseed adx smap clflushopt xsaveopt xsavec xgetbv1 xsaves dtherm ida arat pln pts hwp hwp_notify hwp_act_window hwp_epp
bugs		:
bogomips	: 5424.00
clflush size	: 64
cache_alignment	: 64
address sizes	: 39 bits physical, 48 bits virtual
power management:

processor	: 3
vendor_id	: GenuineIntel
cpu family	: 6
model		: 142
model name	: Intel(R) Core(TM) i5-7200U CPU @ 2.50GHz
stepping	: 9
microcode	: 0x62
cpu MHz		: 1159.661
cache size	: 3072 KB
physical id	: 0
siblings	: 4
core id		: 1
cpu cores	: 2
apicid		: 3
initial apicid	: 3
fpu		: yes
fpu_exception	: yes
cpuid level	: 22
wp		: yes
flags		: fpu vme de pse tsc msr pae mce cx8 apic sep mtrr pge mca cmov pat pse36 clflush dts acpi mmx fxsr sse sse2 ss ht tm pbe syscall nx pdpe1gb rdtscp lm constant_tsc art arch_perfmon pebs bts rep_good nopl xtopology nonstop_tsc aperfmperf tsc_known_freq pni pclmulqdq dtes64 monitor ds_cpl vmx est tm2 ssse3 sdbg fma cx16 xtpr pdcm pcid sse4_1 sse4_2 x2apic movbe popcnt tsc_deadline_timer aes xsave avx f16c rdrand lahf_lm abm 3dnowprefetch epb intel_pt tpr_shadow vnmi flexpriority ept vpid fsgsbase tsc_adjust bmi1 avx2 smep bmi2 erms invpcid mpx rdseed adx smap clflushopt xsaveopt xsavec xgetbv1 xsaves dtherm ida arat pln pts hwp hwp_notify hwp_act_window hwp_epp
bugs		:
bogomips	: 5424.00
clflush size	: 64
cache_alignment	: 64
address sizes	: 39 bits physical, 48 bits virtual
power management:



Memory: 4k page, physical 3883172k(2438276k free), swap 4033532k(4033532k free)

vm_info: Java HotSpot(TM) 64-Bit Server VM (25.144-b01) for linux-amd64 JRE (1.8.0_144-b01), built on Jul 21 2017 21:57:33 by "java_re" with gcc 4.3.0 20080428 (Red Hat 4.3.0-8)

time: Thu Oct 26 14:23:00 2017
elapsed time: 627 seconds (0d 0h 10m 27s)

